0 info it worked if it ends with ok
1 verbose cli [ '/usr/local/Cellar/node/7.4.0/bin/node',
1 verbose cli   '/usr/local/bin/npm',
1 verbose cli   'publish' ]
2 info using npm@3.10.10
3 info using node@v6.9.4
4 verbose publish [ '.' ]
5 silly cache add args [ '.', null ]
6 verbose cache add spec .
7 silly cache add parsed spec Result {
7 silly cache add   raw: '.',
7 silly cache add   scope: null,
7 silly cache add   escapedName: null,
7 silly cache add   name: null,
7 silly cache add   rawSpec: '.',
7 silly cache add   spec: '/Users/yangxiaofu/work/opensource/rollup-plugin-less',
7 silly cache add   type: 'directory' }
8 verbose addLocalDirectory /Users/yangxiaofu/.npm/rollup-plugin-less/0.0.9/package.tgz not in flight; packing
9 verbose correctMkdir /Users/yangxiaofu/.npm correctMkdir not in flight; initializing
10 info lifecycle rollup-plugin-less@0.0.9~prepublish: rollup-plugin-less@0.0.9
11 silly lifecycle rollup-plugin-less@0.0.9~prepublish: no script for prepublish, continuing
12 verbose tar pack [ '/Users/yangxiaofu/.npm/rollup-plugin-less/0.0.9/package.tgz',
12 verbose tar pack   '/Users/yangxiaofu/work/opensource/rollup-plugin-less' ]
13 verbose tarball /Users/yangxiaofu/.npm/rollup-plugin-less/0.0.9/package.tgz
14 verbose folder /Users/yangxiaofu/work/opensource/rollup-plugin-less
15 verbose addLocalTarball adding from inside cache /Users/yangxiaofu/.npm/rollup-plugin-less/0.0.9/package.tgz
16 verbose correctMkdir /Users/yangxiaofu/.npm correctMkdir not in flight; initializing
17 silly cache afterAdd rollup-plugin-less@0.0.9
18 verbose afterAdd /Users/yangxiaofu/.npm/rollup-plugin-less/0.0.9/package/package.json not in flight; writing
19 verbose correctMkdir /Users/yangxiaofu/.npm correctMkdir not in flight; initializing
20 verbose afterAdd /Users/yangxiaofu/.npm/rollup-plugin-less/0.0.9/package/package.json written
21 silly publish { name: 'rollup-plugin-less',
21 silly publish   version: '0.0.9',
21 silly publish   description: 'a rollup plugin for less files',
21 silly publish   main: 'dist/rollup-plugin-less.js',
21 silly publish   'jsnext:main': 'dist/rollup-plugin-less.mjs',
21 silly publish   scripts:
21 silly publish    { test: 'mocha test/*.js',
21 silly publish      pretest: 'npm run build',
21 silly publish      build: 'rollup -c',
21 silly publish      prebuild: 'rm -rf dist/*' },
21 silly publish   keywords: [ 'rollup', 'plugin', 'less', 'rollup-plugin' ],
21 silly publish   author: { name: 'yangxiaofu' },
21 silly publish   license: 'ISC',
21 silly publish   dependencies:
21 silly publish    { 'fs-extra': '^0.30.0',
21 silly publish      less: '^2.7.1',
21 silly publish      rollup: '^0.34.7',
21 silly publish      'rollup-pluginutils': '^1.5.1' },
21 silly publish   repository:
21 silly publish    { type: 'git',
21 silly publish      url: 'git+https://github.com/xiaofuzi/rollup-plugin-less.git' },
21 silly publish   devDependencies:
21 silly publish    { assert: '^1.4.1',
21 silly publish      'babel-plugin-external-helpers': '^6.18.0',
21 silly publish      'babel-plugin-transform-async-to-generator': '^6.16.0',
21 silly publish      'babel-plugin-transform-runtime': '^6.15.0',
21 silly publish      'babel-preset-es2015': '^6.18.0',
21 silly publish      eslint: '^3.2.2',
21 silly publish      mocha: '^3.0.2',
21 silly publish      'rollup-plugin-babel': '^2.7.1',
21 silly publish      'rollup-plugin-node-resolve': '^2.0.0',
21 silly publish      'source-map-support': '^0.4.2' },
21 silly publish   readme: '## Install\n\n```node\nnpm install rollup-plugin-less --save\n```\n\n## usage\n\n```js\nimport \'./test.less\';\n//generate css will be auto insert to the head tag if you set insert be true\n```\n\n```js\nimport { rollup } from \'rollup\';\nimport less from \'rollup-plugin-less\';\n\nrollup({\n    entry: \'main.js\',\n    plugins: [\n        less()\n    ]\n});\n```\n\n\n## Options\n\n### insert\n\n+ Default: `false`\n+ Type: `Boolean`\n\nIf you specify `true`, the plugin will insert compiled CSS into `<head/>` tag.\n\n### output\n\n+ Default: `rollup.build.css`\n\n+ Type: `String|Function`\n\nIf you specify a string, it will be the path to write the generated CSS.\nIf you specify a function, call it passing the generated CSS as an argument.\n\n### include\n\n+ Default: `[ \'**/*.less\', \'**/*.css\' ]`\n\n+ Type: `String|Array`\n\nMinimatch pattern or array of minimatch patterns to determine which files are transpiled by the plugin.\n\n### exclude\n\n+ Default: `node_modules/**`\n\n+ Type: `String|Array`\n\nMinimatch pattern or array of minimatch patterns to determine which files are explicitly not transpiled by the plugin, overrules the `include` option.\n\n### option\n\n+ Type: `Object`\n\nOptions for [less](http://lesscss.org/usage/#programmatic-usage).\n',
21 silly publish   readmeFilename: 'README.md',
21 silly publish   gitHead: '7df62f52b46489e96a3cc56147f4321528904265',
21 silly publish   bugs: { url: 'https://github.com/xiaofuzi/rollup-plugin-less/issues' },
21 silly publish   homepage: 'https://github.com/xiaofuzi/rollup-plugin-less#readme',
21 silly publish   _id: 'rollup-plugin-less@0.0.9',
21 silly publish   _shasum: '54ff3dce675d00ae10366c9f161209f9848ed09b',
21 silly publish   _from: '.' }
22 verbose getPublishConfig undefined
23 silly mapToRegistry name rollup-plugin-less
24 silly mapToRegistry using default registry
25 silly mapToRegistry registry https://registry.npmjs.org/
26 silly mapToRegistry data Result {
26 silly mapToRegistry   raw: 'rollup-plugin-less',
26 silly mapToRegistry   scope: null,
26 silly mapToRegistry   escapedName: 'rollup-plugin-less',
26 silly mapToRegistry   name: 'rollup-plugin-less',
26 silly mapToRegistry   rawSpec: '',
26 silly mapToRegistry   spec: 'latest',
26 silly mapToRegistry   type: 'tag' }
27 silly mapToRegistry uri https://registry.npmjs.org/rollup-plugin-less
28 verbose publish registryBase https://registry.npmjs.org/
29 silly publish uploading /Users/yangxiaofu/.npm/rollup-plugin-less/0.0.9/package.tgz
30 verbose request uri https://registry.npmjs.org/rollup-plugin-less
31 verbose request sending authorization for write operation
32 info attempt registry request try #1 at 19:50:46
33 verbose request using bearer token for auth
34 verbose request id c2fe373c9bc7f2ea
35 http request PUT https://registry.npmjs.org/rollup-plugin-less
36 http 403 https://registry.npmjs.org/rollup-plugin-less
37 verbose headers { 'content-type': 'application/json',
37 verbose headers   'cache-control': 'max-age=300',
37 verbose headers   'content-length': '95',
37 verbose headers   'accept-ranges': 'bytes',
37 verbose headers   date: 'Tue, 17 Jan 2017 11:50:47 GMT',
37 verbose headers   via: '1.1 varnish',
37 verbose headers   connection: 'keep-alive',
37 verbose headers   'x-served-by': 'cache-itm7426-ITM',
37 verbose headers   'x-cache': 'MISS',
37 verbose headers   'x-cache-hits': '0',
37 verbose headers   'x-timer': 'S1484653847.013166,VS0,VE595',
37 verbose headers   vary: 'Accept-Encoding' }
38 verbose request invalidating /Users/yangxiaofu/.npm/registry.npmjs.org/rollup-plugin-less on PUT
39 error publish Failed PUT 403
40 verbose stack Error: "You cannot publish over the previously published version 0.0.9." : rollup-plugin-less
40 verbose stack     at makeError (/usr/local/lib/node_modules/npm/node_modules/npm-registry-client/lib/request.js:302:12)
40 verbose stack     at CachingRegistryClient.<anonymous> (/usr/local/lib/node_modules/npm/node_modules/npm-registry-client/lib/request.js:290:14)
40 verbose stack     at Request._callback (/usr/local/lib/node_modules/npm/node_modules/npm-registry-client/lib/request.js:210:14)
40 verbose stack     at Request.self.callback (/usr/local/lib/node_modules/npm/node_modules/request/request.js:187:22)
40 verbose stack     at emitTwo (events.js:106:13)
40 verbose stack     at Request.emit (events.js:191:7)
40 verbose stack     at Request.<anonymous> (/usr/local/lib/node_modules/npm/node_modules/request/request.js:1048:10)
40 verbose stack     at emitOne (events.js:96:13)
40 verbose stack     at Request.emit (events.js:188:7)
40 verbose stack     at IncomingMessage.<anonymous> (/usr/local/lib/node_modules/npm/node_modules/request/request.js:969:12)
41 verbose statusCode 403
42 verbose pkgid rollup-plugin-less
43 verbose cwd /Users/yangxiaofu/work/opensource/rollup-plugin-less
44 error Darwin 16.1.0
45 error argv "/usr/local/Cellar/node/7.4.0/bin/node" "/usr/local/bin/npm" "publish"
46 error node v6.9.4
47 error npm  v3.10.10
48 error code E403
49 error "You cannot publish over the previously published version 0.0.9." : rollup-plugin-less
50 error If you need help, you may report this error at:
50 error     <https://github.com/npm/npm/issues>
51 verbose exit [ 1, true ]
